0 info it worked if it ends with ok
1 verbose cli [
1 verbose cli   '/usr/local/bin/node',
1 verbose cli   '/usr/local/lib/node_modules/pm2/lib/ProcessContainer.js',
1 verbose cli   'start'
1 verbose cli ]
2 info using npm@3.5.2
3 info using node@v12.16.2
4 verbose run-script [ 'prestart', 'start', 'poststart' ]
5 info lifecycle business-card@1.0.0~prestart: business-card@1.0.0
6 silly lifecycle business-card@1.0.0~prestart: no script for prestart, continuing
7 info lifecycle business-card@1.0.0~start: business-card@1.0.0
8 verbose lifecycle business-card@1.0.0~start: unsafe-perm in lifecycle true
9 verbose lifecycle business-card@1.0.0~start: PATH: /usr/share/npm/bin/node-gyp-bin:/root/business-card/node_modules/.bin:/usr/local/sbin:/usr/local/bin:/usr/sbin:/usr/bin:/sbin:/bin:/usr/games:/usr/local/games:/snap/bin
10 verbose lifecycle business-card@1.0.0~start: CWD: /root/business-card
11 silly lifecycle business-card@1.0.0~start: Args: [ '-c', 'next start -p 3015' ]
12 silly lifecycle business-card@1.0.0~start: Returned: code: 1  signal: null
13 info lifecycle business-card@1.0.0~start: Failed to exec start script
14 verbose stack Error: business-card@1.0.0 start: `next start -p 3015`
14 verbose stack Exit status 1
14 verbose stack     at EventEmitter.<anonymous> (/usr/share/npm/lib/utils/lifecycle.js:232:16)
14 verbose stack     at EventEmitter.emit (events.js:310:20)
14 verbose stack     at ChildProcess.<anonymous> (/usr/share/npm/lib/utils/spawn.js:24:14)
14 verbose stack     at ChildProcess.emit (events.js:310:20)
14 verbose stack     at maybeClose (internal/child_process.js:1021:16)
14 verbose stack     at Process.ChildProcess._handle.onexit (internal/child_process.js:286:5)
15 verbose pkgid business-card@1.0.0
16 verbose cwd /root/business-card
17 error Linux 4.15.0-135-generic
18 error argv "/usr/local/bin/node" "/usr/local/lib/node_modules/pm2/lib/ProcessContainer.js" "start"
19 error node v12.16.2
20 error npm  v3.5.2
21 error code ELIFECYCLE
22 error business-card@1.0.0 start: `next start -p 3015`
22 error Exit status 1
23 error Failed at the business-card@1.0.0 start script 'next start -p 3015'.
23 error Make sure you have the latest version of node.js and npm installed.
23 error If you do, this is most likely a problem with the business-card package,
23 error not with npm itself.
23 error Tell the author that this fails on your system:
23 error     next start -p 3015
23 error You can get information on how to open an issue for this project with:
23 error     npm bugs business-card
23 error Or if that isn't available, you can get their info via:
23 error     npm owner ls business-card
23 error There is likely additional logging output above.
24 verbose exit [ 1, true ]
